In file2, not file1:

	 YAL016W	YAL038W

	 NME1	YAL017W

	 SRG1	YAL036C

	 LSR1	YAL037W

	 Q0032	Q0092

	 RUF22	YAL016C-B

	 YAL015C	YAL029C

	 RPR1	YAL026C-A

	 SRG1	YAL015C

	 RPR1	YAL001C

	 YAL015C	YAL037C-A

	 Q0050	RUF20

	 YAL025C	YAL032C

	 Q0010	Q0092

	 YAL026C	YAL042W

	 21S_rRNA	YAL024C

	 RUF20	YAL015C

	 Q0130	YAL044W-A

	 YAL020C	YAL041W

	 15S_rRNA	Q0085

	 YAL035W	YAL036C

	 YAL019W	YAL021C

	 YAL013W	YAL024C

	 YAL025C	YAL041W

	 YAL025C	YAL027W

	 YAL002W	YAL019W

	 YAL007C	YAL044C

	 NME1	YAL040C

	 YAL012W	YAL013W

	 YAL021C	YAL035W

	 YAL010C	YAL042W

	 YAL003W	YAL035W

	 YAL020C	YAL032C

	 YAL025C	YAL034W-A

	 YAL024C	YAL033W

	 YAL001C	YAL034C

	 YAL010C	YAL023C

	 YAL024C	YAL032C

	 YAL013W	YAL038W

	 YAL013W	YAL026C

	 Q0055	Q0070

	 YAL003W	YAL020C

	 YAL018C	YAL044W-A

	 YAL008W	YAL027W

	 YAL012W	YAL033W

	 YAL022C	YAL033W

	 YAL007C	YAL036C

	 YAL025C	YAL029C

	 YAL012W	YAL024C

	 TLC1	YAL044C

	 YAL015C	YAL041W

	 YAL007C	YAL012W

	 LSR1	YAL041W

	 LSR1	TLC1

	 YAL016W	YAL042W

	 YAL012W	YAL041W

	 Q0105	RUF20

	 Q0055	YAL037W

	 YAL026C-A	YAL033W

	 YAL015C	YAL024C

	 TLC1	YAL031C

	 YAL007C	YAL015C

	 TLC1	YAL003W

	 YAL014C	YAL037C-A

	 YAL011W	YAL024C

	 YAL014C	YAL039C

	 SCR1	SRG1

	 YAL021C	YAL036C

	 YAL013W	YAL020C

	 YAL003W	YAL036C

	 SRG1	YAL039C

	 YAL027W	YAL043C

	 YAL003W	YAL019W

	 YAL035W	YAL044W-A

	 YAL014C	YAL020C

	 YAL035W	YAL039C

	 RDN5-1	YAL002W

	 YAL038W	YAL043C

	 YAL002W	YAL012W

	 YAL032C	YAL044W-A

	 RUF20	YAL009W

	 YAL015C	YAL021C

	 Q0144	Q0182

	 SRG1	YAL022C

	 YAL024C	YAL038W

	 YAL001C	YAL015C

	 YAL012W	YAL027W

	 ICR1	Q0085

	 YAL019W	YAL031C

	 NME1	YAL018C

	 Q0065	SCR1

	 NME1	YAL016W

	 YAL008W	YAL039C

	 YAL026C	YAL036C

	 YAL009W	YAL037W

	 SCR1	YAL026C

	 NME1	YAL034W-A

	 ICR1	YAL044W-A

	 YAL002W	YAL036C

	 YAL044C	YAL044W-A

	 YAL024C	YAL025C

	 YAL041W	YAL042W

	 YAL014C	YAL035W

	 RNA170	YAL010C

	 YAL011W	YAL026C

	 YAL009W	YAL035W

	 YAL011W	YAL041W

	 TLC1	YAL012W

	 YAL012W	YAL035W

	 SRG1	YAL043C

	 YAL012W	YAL017W

	 YAL025C	YAL039C

	 YAL001C	YAL013W

	 YAL024C	YAL044C

	 LSR1	SRG1

	 TLC1	YAL040C

	 Q0010	RDN5-6

	 YAL014C	YAL028W

	 YAL001C	YAL011W

	 YAL029C	YAL035W

	 YAL031C	YAL042W

	 RUF20	YAL003W

	 YAL002W	YAL032C

	 YAL026C	YAL037C-A

	 YAL027W	YAL038W

	 YAL011W	YAL025C

	 YAL034C	YAL034W-A

	 YAL020C	YAL025C

	 YAL027W	YAL033W

	 YAL029C	YAL043C

	 YAL023C	YAL026C-A

	 YAL014C	YAL038W

	 YAL007C	YAL042W

	 RDN5-1	YAL037W

	 YAL012W	YAL037W

	 RDN5-1	TLC1

	 ICR1	YAL038W

	 YAL021C	YAL040C

	 21S_rRNA	Q0075

	 YAL017W	YAL032C

	 15S_rRNA	Q0075

	 Q0055	YAL026C-A

	 Q0050	YAL037W

	 YAL002W	YAL007C

	 SCR1	YAL034W-A

	 RUF20	YAL025C

	 YAL025C	YAL035W

	 YAL003W	YAL022C

	 NME1	SRG1

	 LSR1	YAL029C

	 YAL026C	YAL033W

	 YAL003W	YAL038W

	 RUF20	YAL023C

	 Q0275	YAL018C

	 YAL023C	YAL026C

	 YAL007C	YAL031C

	 Q0055	TLC1

	 YAL010C	YAL013W

	 Q0055	YAL034W-A

	 ICR1	YAL022C

	 YAL003W	YAL013W

	 YAL034W-A	YAL038W

	 YAL013W	YAL019W

	 Q0275	YAL044W-A

	 YAL001C	YAL044W-A

	 YAL023C	YAL034C

	 YAL008W	YAL010C

	 YAL008W	YAL031C

	 YAL001C	YAL019W

	 15S_rRNA	SCR1

	 YAL003W	YAL044W-A

	 15S_rRNA	LSR1

	 YAL012W	YAL034C

	 YAL022C	YAL031C

	 YAL034C	YAL041W

	 Q0055	Q0085

	 Q0075	Q0085

	 YAL002W	YAL022C

	 YAL022C	YAL032C

	 YAL023C	YAL032C

	 Q0160	YAL044W-A

	 YAL003W	YAL024C

	 YAL002W	YAL013W

	 RDN5-1	YAL026C

	 RDN5-1	YAL007C

	 Q0275	YAL037W

	 LSR1	YAL018C

	 Q0045	SCR1

	 Q0143	Q0144

	 YAL019W	YAL026C-A

	 YAL014C	YAL022C

	 YAL011W	YAL014C

	 ICR1	YAL007C

	 YAL015C	YAL040C

	 YAL022C	YAL026C

	 Q0070	Q0140

	 YAL008W	YAL026C

	 Q0092	Q0144

	 YAL026C	YAL044C

	 YAL023C	YAL024C

	 YAL026C	YAL032C

	 Q0182	RDN37-2

	 SRG1	YAL001C

	 YAL019W	YAL037W

	 Q0060	SCR1

	 RPR1	YAL024C

	 YAL003W	YAL015C

	 YAL027W	YAL039C

	 YAL038W	YAL041W

	 YAL014C	YAL025C

	 YAL003W	YAL042W

	 YAL003W	YAL017W

	 Q0105	YAL024C

	 YAL012W	YAL034W-A

	 Q0032	Q0143

	 Q0050	SRG1

	 SCR1	YAL016W

	 YAL011W	YAL036C

	 YAL009W	YAL019W

	 RUF20	YAL040C

	 YAL007C	YAL037C-A

	 YAL013W	YAL027W

	 YAL011W	YAL019W

	 YAL015C	YAL034W-A

	 YAL032C	YAL033W

	 NME1	YAL015C

	 Q0050	YAL027W

	 Q0045	RPR1

	 YAL020C	YAL036C

	 Q0092	YAL016C-B

	 SRG1	YAL019W

	 YAL023C	YAL025C

	 YAL008W	YAL014C

	 Q0010	RDN37-2

	 YAL003W	YAL011W

	 RPR1	YAL044W-A

	 NME1	YAL030W

	 YAL024C	YAL031C

	 YAL042W	YAL043C

	 YAL009W	YAL020C

	 YAL010C	YAL040C

	 YAL007C	YAL035W

	 YAL002W	YAL003W

	 YAL020C	YAL031C

	 SRG1	YAL044C

	 ICR1	YAL034W-A

	 YAL007C	YAL032C

	 Q0160	SCR1

	 YAL032C	YAL042W

	 Q0050	YAL024C

	 YAL033W	YAL040C

	 TLC1	YAL025C

	 YAL032C	YAL041W

	 RPR1	YAL037W

	 TLC1	YAL019W

	 Q0010	YAL016C-B

	 YAL021C	YAL024C

	 YAL009W	YAL044C

	 YAL013W	YAL014C

	 ICR1	YAL011W

	 Q0055	SRG1

	 YAL025C	YAL044C

	 RPR1	TLC1

	 Q0070	Q0130

	 Q0142	RDN5-6

	 Q0275	SRG1

	 ICR1	YAL024C

	 YAL019W	YAL043C

	 YAL020C	YAL022C

	 YAL015C	YAL030W

	 YAL003W	YAL023C

	 YAL023C	YAL043C

	 ICR1	YAL020C

	 RUF20	YAL002W

	 YAL010C	YAL036C

	 YAL013W	YAL025C

	 LSR1	YAL030W

	 YAL037C-A	YAL041W

	 YAL020C	YAL023C

	 YAL021C	YAL044C

	 YAL001C	YAL039C

	 YAL016W	YAL034C

	 Q0075	Q0130

	 YAL015C	YAL026C

	 YAL013W	YAL029C

	 YAL009W	YAL033W

	 YAL020C	YAL034W-A

	 YAL017W	YAL044W-A

	 YAL022C	YAL034C

	 RDN5-1	YAL014C

	 YAL010C	YAL032C

	 YAL020C	YAL043C

	 YAL039C	YAL041W

	 YAL034W-A	YAL043C

	 RDN5-1	YAL016W

	 NME1	RUF20

	 YAL013W	YAL042W

	 RPR1	YAL010C

	 NME1	YAL009W

	 LSR1	Q0110

	 Q0250	YAL044W-A

	 YAL016W	YAL043C

	 RDN5-6	YAL016C-B

	 YAL007C	YAL038W

	 YAL001C	YAL007C

	 Q0250	RDN5-1

	 YAL024C	YAL043C

	 YAL033W	YAL039C

	 YAL036C	YAL041W

	 YAL018C	YAL037C-A

	 YAL029C	YAL033W

	 YAL041W	YAL044W-A

	 YAL030W	YAL036C

	 YAL001C	YAL025C

	 YAL002W	YAL023C

	 YAL015C	YAL035W

	 Q0085	Q0120

	 YAL015C	YAL027W

	 YAL030W	YAL038W

	 YAL037W	YAL038W

	 Q0060	RPR1

	 RDN5-1	YAL026C-A

	 YAL038W	YAL039C

	 YAL016W	YAL035W

	 YAL012W	YAL043C

	 TLC1	YAL022C

	 Q0045	Q0250

	 YAL007C	YAL022C

	 YAL012W	YAL022C

	 YAL025C	YAL044W-A

	 Q0075	Q0160

	 YAL015C	YAL044W-A

	 YAL040C	YAL044W-A

	 NME1	YAL003W

	 RPR1	YAL009W

	 YAL031C	YAL044W-A

	 YAL002W	YAL021C

	 Q0275	YAL034W-A

	 NME1	YAL029C

	 ICR1	RUF20

	 YAL010C	YAL044C

	 ICR1	YAL005C

	 RUF20	YAL038W

	 RPR1	SRG1

	 Q0050	YAL029C

	 YAL037C-A	YAL037W

	 TLC1	YAL035W

	 Q0182	YAL016C-B

	 RPR1	YAL014C

	 YAL021C	YAL029C

	 RUF20	YAL044C

	 YAL003W	YAL034W-A

	 YAL020C	YAL026C-A

	 YAL009W	YAL021C

	 YAL015C	YAL038W

	 RUF20	YAL026C

	 YAL016W	YAL025C

	 YAL043C	YAL044W-A

	 YAL014C	YAL036C

	 Q0010	Q0142

	 YAL021C	YAL042W

	 YAL031C	YAL034W-A

	 LSR1	YAL020C

	 YAL022C	YAL044W-A

	 YAL001C	YAL005C

	 YAL016W	YAL020C

	 SRG1	YAL025C

	 YAL037W	YAL039C

	 YAL005C	YAL025C

	 YAL011W	YAL026C-A

	 Q0010	Q0032

	 YAL033W	YAL042W

	 SRG1	YAL032C

	 YAL010C	YAL020C

	 YAL017W	YAL025C

	 YAL009W	YAL044W-A

	 YAL020C	YAL029C

	 YAL016W	YAL018C

	 YAL023C	YAL034W-A

	 YAL026C	YAL034C

	 YAL015C	YAL025C

	 RPR1	YAL016W

	 LSR1	Q0060

	 Q0060	YAL044W-A

	 RNA170	YAL002W

	 YAL017W	YAL043C

	 YAL022C	YAL037W

	 RPR1	YAL017W

	 RDN5-1	YAL024C

	 YAL002W	YAL044W-A

	 YAL037C-A	YAL044W-A

	 YAL010C	YAL043C

	 YAL014C	YAL034C

	 RNA170	YAL017W

	 LSR1	YAL001C

	 Q0060	Q0070

	 LSR1	YAL010C

	 15S_rRNA	Q0130

	 YAL003W	YAL009W

	 Q0065	Q0075

	 YAL015C	YAL026C-A

	 15S_rRNA	Q0045

	 LSR1	YAL014C

	 YAL022C	YAL036C

	 YAL023C	YAL037W

	 ICR1	SRG1

	 YAL028W	YAL034W-A

	 NME1	YAL027W

	 Q0250	RUF20

	 YAL036C	YAL039C

	 YAL007C	YAL025C

	 YAL013W	YAL036C

	 ICR1	YAL003W

	 YAL014C	YAL040C

	 YAL013W	YAL035W

	 Q0105	YAL018C

	 Q0182	RDN5-6

	 Q0050	YAL014C

	 TLC1	YAL015C

	 Q0120	YAL002W

	 YAL032C	YAL037W

	 ICR1	YAL008W

	 YAL034W-A	YAL044C

	 YAL009W	YAL042W

	 YAL020C	YAL044C

	 SRG1	YAL002W

	 YAL023C	YAL044W-A

	 YAL040C	YAL044C

	 NME1	RDN5-1

	 YAL014C	YAL023C

	 YAL019W	YAL024C

	 YAL020C	YAL038W

	 YAL041W	YAL043C

	 YAL024C	YAL039C

	 Q0143	RDN37-2

	 YAL013W	YAL034C

	 YAL013W	YAL037W

	 Q0144	RDN37-2

	 YAL019W	YAL036C

	 YAL008W	YAL015C

	 NME1	YAL026C-A

	 YAL008W	YAL041W

	 YAL003W	YAL025C

	 YAL016W	YAL021C

	 YAL013W	YAL044W-A

	 YAL022C	YAL024C

	 RUF20	YAL016W

	 YAL012W	YAL025C

	 YAL022C	YAL029C

	 Q0050	YAL044W-A

	 ICR1	YAL013W

	 YAL007C	YAL021C

	 YAL037W	YAL044C

	 YAL003W	YAL030W

	 YAL036C	YAL043C

	 NME1	YAL024C

	 YAL036C	YAL044C

	 RNA170	YAL016W

	 Q0105	RDN5-1

	 YAL002W	YAL037C-A

	 YAL034C	YAL036C

	 YAL011W	YAL016W

	 YAL031C	YAL038W

	 YAL011W	YAL012W

	 YAL010C	YAL039C

	 YAL010C	YAL018C

	 YAL002W	YAL035W

	 YAL040C	YAL042W

	 YAL012W	YAL042W

	 Q0050	YAL001C

	 YAL023C	YAL027W

	 SRG1	YAL038W

	 RUF20	YAL001C

	 TLC1	YAL033W

	 YAL003W	YAL026C

	 YAL007C	YAL043C

	 YAL015C	YAL017W

	 YAL012W	YAL026C-A

	 YAL023C	YAL041W

	 YAL003W	YAL040C

	 Q0055	YAL029C

	 Q0055	Q0075

	 SRG1	YAL037C-A

	 YAL029C	YAL034C

	 RDN5-1	YAL027W

	 YAL025C	YAL033W

	 YAL013W	YAL015C

	 YAL037W	YAL040C

	 SCR1	YAL018C

	 YAL035W	YAL041W

	 ICR1	YAL012W

	 YAL002W	YAL024C

	 Q0045	Q0110

	 SCR1	YAL014C

	 LSR1	RDN5-1

	 YAL034C	YAL044W-A

	 YAL019W	YAL033W

	 RDN5-1	YAL034W-A

	 YAL019W	YAL044C

	 YAL002W	YAL020C

	 YAL003W	YAL007C

	 Q0105	YAL034W-A

	 YAL003W	YAL026C-A

	 YAL025C	YAL028W

	 YAL023C	YAL029C

	 NME1	YAL037C-A

	 YAL008W	YAL036C

	 SCR1	YAL029C

	 Q0055	YAL024C

	 Q0065	Q0140

	 Q0144	RDN5-6

	 YAL033W	YAL035W

	 YAL012W	YAL014C

	 YAL009W	YAL037C-A

	 YAL036C	YAL037W

	 NME1	YAL037W

	 RPR1	YAL030W

	 YAL035W	YAL037W

	 YAL012W	YAL026C

	 RDN37-2	RDN5-6

	 YAL014C	YAL033W

	 YAL020C	YAL026C

	 YAL020C	YAL040C

	 YAL023C	YAL031C

	 YAL029C	YAL036C

	 YAL002W	YAL033W

	 YAL036C	YAL044W-A

	 YAL022C	YAL041W

	 YAL027W	YAL032C

	 ICR1	YAL036C

	 ICR1	RDN5-1

	 YAL012W	YAL044C

	 ICR1	YAL042W

	 YAL012W	YAL044W-A

	 YAL034W-A	YAL040C

	 YAL032C	YAL034W-A

	 LSR1	YAL027W

	 YAL003W	YAL021C

	 Q0010	Q0143

	 Q0275	YAL024C

	 RPR1	YAL041W

	 YAL027W	YAL028W

	 YAL012W	YAL028W

	 RUF20	YAL018C

	 Q0092	Q0143

	 YAL026C	YAL039C

	 LSR1	RUF20

	 YAL016W	YAL022C

	 NME1	TLC1

	 Q0075	SCR1

	 YAL026C-A	YAL040C

	 YAL032C	YAL038W

	 RPR1	YAL027W

	 YAL020C	YAL039C

	 YAL016W	YAL037C-A

	 YAL025C	YAL037W

	 Q0105	YAL044W-A

	 ICR1	YAL015C

	 YAL012W	YAL039C

	 YAL016W	YAL033W

	 YAL023C	YAL039C

	 YAL026C	YAL044W-A

	 Q0032	RDN5-6

	 YAL022C	YAL034W-A

	 YAL026C	YAL035W

	 15S_rRNA	Q0065

	 YAL003W	YAL043C

	 YAL012W	YAL032C

	 YAL014C	YAL044C

	 YAL037W	YAL043C

	 SRG1	YAL040C

	 SRG1	YAL003W

	 YAL037C-B	YAL045C

	 YAL026C-A	YAL032C

	 RDN5-1	SCR1

	 Q0142	YAL016C-B

	 YAL026C-A	YAL034C

	 ICR1	NME1

	 YAL033W	YAL043C

	 ICR1	RPR1

	 YAL012W	YAL016W

	 Q0142	Q0144

	 YAL009W	YAL025C

	 Q0032	Q0144

	 YAL012W	YAL031C

	 YAL015C	YAL019W

	 RUF20	YAL022C

	 YAL019W	YAL034W-A

	 YAL025C	YAL030W

	 YAL020C	YAL034C

	 YAL008W	YAL034W-A

	 YAL016W	YAL019W

	 YAL003W	YAL032C

	 YAL003W	YAL016W

	 RDN5-1	YAL010C

	 YAL032C	YAL035W

	 YAL020C	YAL021C

	 YAL026C-A	YAL038W

	 Q0055	YAL014C

	 YAL009W	YAL012W

	 YAL015C	YAL036C

	 YAL022C	YAL027W

	 YAL014C	YAL043C

	 YAL026C	YAL038W

	 Q0055	RDN5-1

	 LSR1	YAL037C-A

	 YAL007C	YAL026C

	 Q0050	Q0255

	 YAL042W	YAL044W-A

	 YAL033W	YAL034C

	 YAL020C	YAL037W

	 YAL024C	YAL035W

	 RUF20	YAL033W

	 YAL033W	YAL041W

	 YAL013W	YAL031C

	 NME1	YAL026C

	 YAL003W	YAL029C

	 YAL030W	YAL032C

	 YAL020C	YAL033W

	 YAL015C	YAL033W

	 YAL021C	YAL026C

	 YAL035W	YAL044C

	 RDN37-2	YAL016C-B

	 YAL003W	YAL037W

	 15S_rRNA	21S_rRNA

	 YAL016W	YAL032C

	 YAL021C	YAL041W

	 YAL026C-A	YAL039C

	 YAL012W	YAL015C

	 Q0010	Q0182

	 YAL005C	YAL036C

	 YAL011W	YAL035W

	 YAL027W	YAL040C

	 YAL034W-A	YAL042W

	 15S_rRNA	RPR1

	 YAL031C	YAL044C

	 NME1	YAL014C

	 SRG1	YAL010C

	 Q0275	TLC1

	 YAL011W	YAL044W-A

	 YAL016W	YAL023C

	 YAL030W	YAL034C

	 RDN5-1	YAL018C

	 TLC1	YAL009W

	 Q0143	YAL016C-B

	 YAL013W	YAL026C-A

	 ICR1	YAL025C

	 YAL034W-A	YAL037C-A

	 Q0142	RDN37-2

	 ICR1	RNA170

	 YAL025C	YAL026C

	 YAL013W	YAL022C

	 YAL003W	YAL039C

	 YAL003W	YAL010C

	 Q0070	Q0160

	 YAL033W	YAL036C

	 YAL010C	YAL012W

	 YAL009W	YAL024C

	 YAL005C	YAL016W

	 Q0105	YAL027W

	 YAL021C	YAL023C

	 Q0250	TLC1

	 ICR1	YAL044C

	 SRG1	YAL009W

	 YAL021C	YAL038W

	 YAL026C-A	YAL044C

	 LSR1	Q0065

	 Q0055	YAL018C

	 YAL043C	YAL044C

	 YAL033W	YAL044W-A

	 RDN5-1	YAL028W

	 YAL013W	YAL040C

	 YAL011W	YAL034W-A

	 YAL027W	YAL034C

	 RDN5-1	YAL001C

	 YAL003W	YAL027W

	 YAL009W	YAL013W

	 NME1	YAL044C

	 YAL003W	YAL044C

	 YAL022C	YAL040C

	 YAL014C	YAL019W

	 YAL015C	YAL020C

	 TLC1	YAL013W

	 RUF20	YAL039C

	 Q0143	Q0182

	 YAL021C	YAL044W-A

	 YAL011W	YAL017W

	 Q0105	YAL016W

	 Q0065	RPR1

	 YAL039C	YAL044W-A

	 YAL036C	YAL040C

	 YAL025C	YAL040C

	 YAL011W	YAL044C

	 NME1	YAL033W

	 YAL016W	YAL044C

	 YAL010C	YAL033W

	 TLC1	YAL002W

	 YAL029C	YAL039C

	 YAL002W	YAL011W

	 YAL026C-A	YAL035W

	 YAL034C	YAL042W

	 YAL033W	YAL038W

	 RPR1	YAL034W-A

	 YAL038W	YAL040C

	 YAL029C	YAL037C-A

	 YAL007C	YAL013W

	 YAL007C	YAL011W

	 Q0105	YAL014C

	 YAL003W	YAL041W

	 YAL013W	YAL023C

	 Q0070	Q0085

	 YAL009W	YAL036C

	 Q0045	Q0275

	 NME1	YAL036C

	 Q0050	RDN5-1

	 SRG1	YAL030W

	 YAL031C	YAL035W

	 YAL007C	YAL023C

	 YAL034C	YAL044C

	 ICR1	YAL037W

	 YAL033W	YAL037C-A

	 YAL007C	YAL040C

	 SCR1	YAL026C-A

	 YAL028W	YAL032C

	 YAL013W	YAL033W

	 YAL023C	YAL033W

	 Q0050	YAL018C

	 YAL039C	YAL044C

	 YAL028W	YAL036C

	 Q0275	RUF20

	 Q0050	YAL034W-A

	 YAL014C	YAL021C

	 YAL003W	YAL034C

	 YAL033W	YAL037W

	 YAL032C	YAL044C

	 SRG1	YAL023C

	 YAL019W	YAL044W-A

	 YAL008W	YAL011W

	 NME1	YAL001C

	 Q0143	RDN5-6

	 SCR1	YAL044W-A

	 YAL022C	YAL026C-A

	 YAL032C	YAL040C

	 YAL008W	YAL025C

	 YAL017W	YAL034W-A

	 YAL005C	YAL010C

	 RDN5-1	YAL041W

	 NME1	YAL002W

	 RUF20	YAL012W

	 LSR1	YAL026C-A

	 YAL001C	YAL008W

	 SRG1	YAL031C

	 Q0142	Q0182

	 YAL007C	YAL033W

	 NME1	YAL031C

	 Q0032	Q0142

	 Q0055	YAL044W-A

	 YAL013W	YAL016W

	 Q0092	Q0142

	 YAL032C	YAL036C

	 YAL002W	YAL038W

	 YAL029C	YAL038W

	 Q0250	YAL024C

	 Q0250	YAL034W-A

	 YAL012W	YAL020C

	 YAL014C	YAL015C

	 Q0092	RDN5-6

	 YAL020C	YAL044W-A

	 YAL012W	YAL040C

	 LSR1	YAL034W-A

	 SRG1	YAL035W

	 YAL027W	YAL037C-A

	 Q0065	YAL044W-A

	 YAL019W	YAL039C

	 21S_rRNA	RUF20

	 YAL003W	YAL031C

	 YAL019W	YAL025C

	 RPR1	YAL029C

	 YAL003W	YAL033W

	 SRG1	YAL012W

	 YAL007C	YAL009W

	 YAL014C	YAL042W

	 YAL039C	YAL042W

	 15S_rRNA	Q0050

	 YAL009W	YAL038W

	 YAL012W	YAL019W

	 Q0050	YAL026C-A

	 YAL020C	YAL024C

	 YAL036C	YAL042W

	 YAL027W	YAL036C

	 YAL024C	YAL040C

	 Q0275	YAL029C

	 Q0105	YAL037W

	 Q0032	RDN37-2

	 Q0060	YAL007C

	 Q0160	YAL007C

	 YAL010C	YAL038W

	 Q0032	Q0182

	 Q0130	YAL007C

	 YAL007C	YAL039C

	 TLC1	YAL037C-A

	 Q0130	YAL024C

	 YAL002W	YAL044C

	 RUF20	YAL031C

	 YAL038W	YAL044W-A

	 YAL012W	YAL021C

	 YAL024C	YAL034C

	 YAL010C	YAL034C

	 YAL029C	YAL032C

	 21S_rRNA	YAL034W-A

	 RPR1	YAL018C

	 YAL005C	YAL044W-A

	 Q0275	RDN5-1

	 SCR1	YAL041W

	 Q0130	SCR1

	 YAL001C	YAL032C

	 YAL022C	YAL035W

	 YAL034C	YAL038W

	 Q0055	RUF20

	 YAL002W	YAL025C

	 Q0105	YAL002W

	 YAL034W-A	YAL036C

	 Q0105	YAL030W

	 YAL010C	YAL022C

	 YAL005C	YAL030W

	 YAL034W-A	YAL039C

	 Q0110	RPR1

	 RNA170	YAL001C

	 TLC1	YAL036C

	 TLC1	YAL023C

	 YAL015C	YAL037W

	 NME1	YAL041W

	 RUF20	YAL041W

	 YAL025C	YAL043C

	 RUF20	YAL036C

	 YAL002W	YAL042W

	 Q0250	YAL018C

	 YAL011W	YAL040C

	 YAL029C	YAL042W

	 Q0275	YAL014C

	 YAL028W	YAL043C

	 LSR1	YAL016W

	 ICR1	YAL032C

	 NME1	YAL010C

	 YAL021C	YAL031C

	 YAL027W	YAL042W

	 YAL022C	YAL025C

	 YAL026C	YAL043C

	 YAL016W	YAL039C

	 Q0105	TLC1

	 YAL021C	YAL034W-A

	 YAL010C	YAL025C

	 YAL003W	YAL014C

	 YAL035W	YAL043C

	 YAL024C	YAL036C

	 21S_rRNA	YAL026C-A

	 Q0105	Q0120

	 YAL025C	YAL026C-A

	 YAL015C	YAL023C

	 RDN5-1	SRG1

	 YAL031C	YAL037W

	 YAL016W	YAL036C

	 YAL008W	YAL026C-A

	 SCR1	YAL037W

	 YAL033W	YAL044C

	 YAL019W	YAL032C

	 YAL029C	YAL044C

	 RPR1	YAL002W

	 ICR1	YAL023C

	 YAL005C	YAL023C

	 YAL008W	YAL044W-A

	 Q0092	RDN37-2

	 RDN5-1	YAL029C

	 Q0045	Q0050

	 Q0010	Q0144

	 YAL001C	YAL043C

	 YAL001C	YAL036C

	 YAL010C	YAL015C

	 YAL035W	YAL040C

	 YAL031C	YAL033W

	 YAL013W	YAL034W-A

	 YAL007C	YAL019W

	 YAL011W	YAL029C

	 YAL041W	YAL044C

	 YAL005C	YAL027W

	 YAL002W	YAL039C

	 YAL033W	YAL034W-A

	 Q0105	YAL026C

	 YAL026C-A	YAL043C

	 NME1	YAL022C

	 Q0045	Q0140

	 Q0105	YAL029C

	 RDN5-1	RPR1

	 RPR1	YAL026C

	 Q0142	Q0143

	 YAL027W	YAL044C

	 Q0050	TLC1

	 YAL025C	YAL038W

	 YAL026C-A	YAL036C

	 YAL008W	YAL016W

	 YAL013W	YAL041W

	 Q0250	YAL007C

	 YAL002W	YAL043C

	 Q0130	RPR1

	 YAL023C	YAL040C

	 RDN5-1	YAL040C

	 Q0105	YAL026C-A

	 YAL015C	YAL042W

	 Q0160	RPR1

	 YAL025C	YAL031C

	 Q0060	Q0075

	 YAL031C	YAL036C

	 SCR1	TLC1

	 YAL013W	YAL044C

	 SCR1	YAL001C

	 Q0045	Q0105

	 ICR1	YAL033W

	 TLC1	YAL044W-A

	 YAL037C-A	YAL040C

	 RNA170	YAL009W

	 YAL028W	YAL044W-A

	 YAL025C	YAL042W

	 Q0050	YAL042W

	 YAL003W	YAL012W

	 Q0065	YAL007C

	 21S_rRNA	Q0070

	 Q0144	YAL016C-B

	 NME1	YAL012W

	 YAL009W	YAL023C

	 SCR1	YAL027W

	 YAL014C	YAL032C

	 YAL012W	YAL029C

	 Q0032	YAL016C-B

	 YAL034W-A	YAL035W

	 TLC1	YAL039C

	 YAL017W	YAL036C

	 YAL021C	YAL025C

	 SRG1	YAL013W

	 Q0092	Q0182

	 15S_rRNA	Q0070


In file1, not file2:

	 Q0065	Q0255

	 Q0085	Q0255

