In file2, not file1:

	 SCR1	YAL014C

	 YAL031C	YAL034W-A

	 RUF20	YAL016W

	 YAL008W	YAL016W

	 15S_rRNA	RPR1

	 ICR1	YAL005C

	 RDN5-1	YAL014C

	 NME1	YAL024C

	 15S_rRNA	LSR1

	 Q0105	YAL044W-A

	 15S_rRNA	Q0050

	 YAL008W	YAL010C

	 YAL001C	YAL007C

	 YAL030W	YAL034C

	 Q0060	SCR1

	 RUF20	YAL033W

	 RDN5-1	TLC1

	 15S_rRNA	21S_rRNA

	 LSR1	YAL018C

	 ICR1	YAL008W

	 NME1	YAL029C

	 YAL029C	YAL035W

	 YAL019W	YAL024C

	 RDN5-1	SCR1

	 YAL041W	YAL044W-A

	 YAL001C	YAL008W

	 ICR1	YAL034W-A

	 NME1	YAL014C

	 Q0070	Q0140

	 NME1	YAL018C

	 NME1	YAL027W

	 NME1	SRG1

	 NME1	RUF20

	 LSR1	Q0060

	 RDN5-1	YAL026C-A

	 RPR1	YAL044W-A

	 NME1	YAL037W

	 YAL009W	YAL044W-A

	 SCR1	TLC1

	 NME1	YAL034W-A

	 YAL024C	YAL035W

	 RDN5-1	YAL018C

	 Q0060	RPR1

	 YAL035W	YAL041W

	 Q0065	Q0075

	 YAL007C	YAL026C

	 NME1	TLC1

	 SRG1	YAL037C-A

	 YAL001C	YAL044W-A

	 SCR1	YAL018C

	 YAL037C-A	YAL037W

	 YAL033W	YAL037W

	 YAL035W	YAL040C

	 YAL005C	YAL030W

	 RDN5-1	YAL001C

	 RPR1	YAL018C

	 RDN5-1	YAL029C


In file1, not file2:

	 YAL024C	YAL030W

	 YAL001C	YAL040C

	 YAL038W	YAL042W

	 Q0085	Q0105

	 YAL026C	YAL028W

	 LSR1	YAL044W-A

	 YAL028W	YAL041W

	 Q0055	Q0255

	 Q0110	Q0255

	 YAL012W	YAL036C

	 RNA170	YAL032C

	 21S_rRNA	YAL044W-A

	 Q0065	Q0110

	 YAL005C	YAL032C

	 YAL028W	YAL040C

	 YAL009W	YAL039C

	 RUF20	YAL030W

	 YAL018C	YAL030W

	 ICR1	YAL043C

	 21S_rRNA	Q0110

	 Q0065	Q0085

	 Q0085	Q0275

	 YAL015C	YAL031C

	 TLC1	YAL030W

	 YAL005C	YAL015C

	 Q0250	Q0255

	 YAL009W	YAL032C

	 YAL031C	YAL039C

	 YAL021C	YAL034C

	 YAL009W	YAL022C

	 YAL017W	YAL029C

	 Q0045	Q0085

	 YAL015C	YAL043C

	 Q0060	Q0255

	 YAL005C	YAL039C

	 YAL009W	YAL011W

	 Q0255	Q0275

	 NME1	Q0110

	 YAL011W	YAL031C

	 Q0085	Q0110

	 Q0110	Q0160

	 Q0105	Q0255

	 Q0045	Q0055

	 Q0085	Q0255

	 YAL038W	YAL044C

	 RNA170	YAL031C

	 Q0065	Q0255

	 YAL017W	YAL039C

	 21S_rRNA	Q0045

	 YAL034C	YAL040C

	 ICR1	YAL039C

	 YAL009W	YAL043C

	 YAL005C	YAL011W

	 YAL011W	YAL015C

